        -:    0:Source:test.c
        -:    0:Graph:test.gcno
        -:    0:Data:test.gcda
        -:    0:Runs:1
        -:    1:#include<stdio.h>
        -:    2:
       49:    3:void myfunc(int x){
       49:    4:    if (x>=9900){
    #####:    5:	if(x>=9950){
    #####:    6:	    if(x>=9990){
    #####:    7:	    	return;
        -:    8:	    }
        -:    9:	    else{
    #####:   10:	        return;
        -:   11:	    }
        -:   12:	}
        -:   13:	else{
    #####:   14:	    return;
        -:   15:	}
        -:   16:    }
        -:   17:    else{
       49:   18:        return;
        -:   19:    }
        -:   20:}
        -:   21:
        1:   22:int main(){
        -:   23:    int a;
        -:   24:    //input range setting: [-10000,9999]
        1:   25:    freopen("input.txt","r",stdin);
        -:   26:    //while scanf
      101:   27:    while(scanf("%d",&a)!=EOF){
      100:   28:    	if(a<0)
       49:   29:            myfunc(a);
        -:   30:    }
        1:   31:    printf("succeed\n");
        1:   32:    return 0;
        -:   33:}
