        -:    0:Source:func.c
        -:    0:Graph:func.gcno
        -:    0:Data:func.gcda
        -:    0:Runs:60
        -:    1:#include <stdlib.h>
        -:    2:#include <stdio.h>
        -:    3:
       60:    4:void myfunc(int x){
       60:    5:    if (x>=9900){
        1:    6:	    if(x>=9950){
        1:    7:	        if(x>=9990){
        1:    8:	            printf("sss");
        1:    9:	    	    return;
        -:   10:	        }
        -:   11:	        else{
    #####:   12:	            return;
        -:   13:	        }
        -:   14:	    }
        -:   15:	    else{
    #####:   16:	        return;
        -:   17:	    }
        -:   18:    }
        -:   19:    else{
       59:   20:        return;
        -:   21:    }
        -:   22:}
        -:   23:
       60:   24:int main(int argc, char* argv[]){
        -:   25:    int a;
       60:   26:    a = atoi(argv[1]);
       60:   27:    myfunc(a);
       60:   28:    printf("succeed\n");
       60:   29:    return 0;
        -:   30:}
